# JRE version: OpenJDK Runtime Environment JBR-11.0.12.7-1504.28-jcef (11.0.12+7) (build 11.0.12+7-b1504.28)
# Java VM: OpenJDK 64-Bit Server VM JBR-11.0.12.7-1504.28-jcef (11.0.12+7-b1504.28, mixed mode, tiered, compressed oops, g1 gc, windows-amd64)
Heap:
 garbage-first heap   total 131072K, used 9522K [0x00000000c5000000, 0x0000000100000000)
  region size 1024K, 4 young (4096K), 0 survivors (0K)
 Metaspace       used 21626K, capacity 22039K, committed 23088K, reserved 1069056K
  class space    used 2180K, capacity 2317K, committed 2688K, reserved 1048576K
GC Heap History (10 events):
Event: 1.186 GC heap before
{Heap before GC invocations=0 (full 0):
 garbage-first heap   total 131072K, used 24576K [0x00000000c5000000, 0x0000000100000000)
  region size 1024K, 24 young (24576K), 0 survivors (0K)
 Metaspace       used 15779K, capacity 16332K, committed 16512K, reserved 1064960K
  class space    used 1689K, capacity 1913K, committed 1920K, reserved 1048576K
}
Event: 1.193 GC heap after
{Heap after GC invocations=1 (full 0):
 garbage-first heap   total 131072K, used 6113K [0x00000000c5000000, 0x0000000100000000)
  region size 1024K, 3 young (3072K), 3 survivors (3072K)
 Metaspace       used 15779K, capacity 16332K, committed 16512K, reserved 1064960K
  class space    used 1689K, capacity 1913K, committed 1920K, reserved 1048576K
}
Event: 1.651 GC heap before
{Heap before GC invocations=1 (full 0):
 garbage-first heap   total 131072K, used 18401K [0x00000000c5000000, 0x0000000100000000)
  region size 1024K, 16 young (16384K), 3 survivors (3072K)
 Metaspace       used 20675K, capacity 21203K, committed 21296K, reserved 1069056K
  class space    used 2204K, capacity 2419K, committed 2432K, reserved 1048576K
}
Event: 1.657 GC heap after
{Heap after GC invocations=2 (full 0):
 garbage-first heap   total 131072K, used 7428K [0x00000000c5000000, 0x0000000100000000)
  region size 1024K, 2 young (2048K), 2 survivors (2048K)
 Metaspace       used 20675K, capacity 21203K, committed 21296K, reserved 1069056K
  class space    used 2204K, capacity 2419K, committed 2432K, reserved 1048576K
}
Event: 3601.674 GC heap before
{Heap before GC invocations=3 (full 0):
 garbage-first heap   total 131072K, used 47364K [0x00000000c5000000, 0x0000000100000000)
  region size 1024K, 42 young (43008K), 2 survivors (2048K)
 Metaspace       used 22118K, capacity 22780K, committed 23088K, reserved 1069056K
  class space    used 2308K, capacity 2564K, committed 2688K, reserved 1048576K
}
Event: 3601.696 GC heap after
{Heap after GC invocations=4 (full 1):
 garbage-first heap   total 131072K, used 7287K [0x00000000c5000000, 0x0000000100000000)
  region size 1024K, 0 young (0K), 0 survivors (0K)
 Metaspace       used 22113K, capacity 22771K, committed 23088K, reserved 1069056K
  class space    used 2307K, capacity 2561K, committed 2688K, reserved 1048576K
}
Event: 7201.705 GC heap before
{Heap before GC invocations=4 (full 1):
 garbage-first heap   total 131072K, used 17527K [0x00000000c5000000, 0x0000000100000000)
  region size 1024K, 11 young (11264K), 0 survivors (0K)
 Metaspace       used 22141K, capacity 22840K, committed 23088K, reserved 1069056K
  class space    used 2307K, capacity 2561K, committed 2688K, reserved 1048576K
}
Event: 7201.795 GC heap after
{Heap after GC invocations=5 (full 2):
 garbage-first heap   total 131072K, used 6484K [0x00000000c5000000, 0x0000000100000000)
  region size 1024K, 0 young (0K), 0 survivors (0K)
 Metaspace       used 21625K, capacity 22039K, committed 23088K, reserved 1069056K
  class space    used 2180K, capacity 2317K, committed 2688K, reserved 1048576K
}
Event: 10801.825 GC heap before
{Heap before GC invocations=5 (full 2):
 garbage-first heap   total 131072K, used 11604K [0x00000000c5000000, 0x0000000100000000)
  region size 1024K, 6 young (6144K), 0 survivors (0K)
 Metaspace       used 21625K, capacity 22039K, committed 23088K, reserved 1069056K
  class space    used 2180K, capacity 2317K, committed 2688K, reserved 1048576K
}
Event: 10801.935 GC heap after
{Heap after GC invocations=6 (full 3):
 garbage-first heap   total 131072K, used 6450K [0x00000000c5000000, 0x0000000100000000)
  region size 1024K, 0 young (0K), 0 survivors (0K)
 Metaspace       used 21625K, capacity 22039K, committed 23088K, reserved 1069056K
  class space    used 2180K, capacity 2317K, committed 2688K, reserved 1048576K
}

